未在文法中使用終結語詞

    MK_DOT
    ERROR


規則由於衝突而在剖析器中無用

   65 stmt: FOR MK_LPAREN assign_expr_list MK_SEMICOLON relop_expr_list MK_SEMICOLON assign_expr_list MK_RPAREN stmt


狀態 217 衝突：1 項偏移/縮減
狀態 227 衝突：1 項偏移/縮減
狀態 237 衝突：11 項縮減/縮減


文法

    0 $accept: program $end

    1 program: global_decl_list
    2        | %empty

    3 global_decl_list: global_decl_list global_decl
    4                 | global_decl

    5 global_decl: decl_list function_decl
    6            | function_decl

    7 function_decl: type ID MK_LPAREN param_list MK_RPAREN MK_LBRACE block MK_RBRACE
    8              | VOID ID MK_LPAREN param_list MK_RPAREN MK_LBRACE block MK_RBRACE
    9              | type ID MK_LPAREN MK_RPAREN MK_LBRACE block MK_RBRACE
   10              | VOID ID MK_LPAREN MK_RPAREN MK_LBRACE block MK_RBRACE

   11 param_list: param_list MK_COMMA param
   12           | param

   13 param: type ID
   14      | type ID dim_fn

   15 dim_fn: MK_LB expr_null MK_RB
   16       | dim_fn MK_LB expr MK_RB

   17 expr_null: expr
   18          | %empty

   19 block: decl_list stmt_list
   20      | stmt_list
   21      | decl_list
   22      | %empty

   23 decl_list: decl_list decl
   24          | decl

   25 decl: type_decl
   26     | var_decl

   27 type_decl: TYPEDEF type id_list MK_SEMICOLON
   28          | TYPEDEF VOID id_list MK_SEMICOLON

   29 var_decl: type init_id_list MK_SEMICOLON

   30 type: INT
   31     | FLOAT
   32     | ID

   33 id_list: ID
   34        | id_list MK_COMMA ID
   35        | id_list MK_COMMA ID dim_decl
   36        | ID dim_decl

   37 dim_decl: MK_LB crelop_expr MK_RB
   38         | dim_decl MK_LB crelop_expr MK_RB

   39 crelop_expr: crelop_term
   40            | crelop_expr OP_OR crelop_term

   41 crelop_term: crelop_factor
   42            | crelop_term OP_AND crelop_factor

   43 crelop_factor: cexpr
   44              | cexpr rel_op cexpr

   45 cexpr: cexpr OP_PLUS mcexpr
   46      | cexpr OP_MINUS mcexpr
   47      | mcexpr

   48 mcexpr: mcexpr OP_TIMES cfactor
   49       | mcexpr OP_DIVIDE cfactor
   50       | cfactor

   51 cfactor: CONST
   52        | unary_op CONST
   53        | MK_LPAREN cexpr MK_RPAREN
   54        | unary_op MK_LPAREN cexpr MK_RPAREN

   55 init_id_list: init_id
   56             | init_id_list MK_COMMA init_id

   57 init_id: ID
   58        | ID dim_decl
   59        | ID OP_ASSIGN relop_expr

   60 stmt_list: stmt_list stmt
   61          | stmt

   62 stmt: MK_LBRACE block MK_RBRACE
   63     | WHILE MK_LPAREN nonempty_assign_expr_list MK_RPAREN stmt
   64     | FOR MK_LPAREN assign_expr_list MK_SEMICOLON relop_expr_list MK_SEMICOLON assign_expr_list MK_RPAREN stmt
   65     | FOR MK_LPAREN assign_expr_list MK_SEMICOLON relop_expr_list MK_SEMICOLON assign_expr_list MK_RPAREN stmt
   66     | var_ref OP_ASSIGN relop_expr MK_SEMICOLON
   67     | IF MK_LPAREN test MK_RPAREN stmt
   68     | IF MK_LPAREN test MK_RPAREN stmt ELSE stmt
   69     | var_ref MK_LPAREN relop_expr_list MK_RPAREN MK_SEMICOLON
   70     | MK_SEMICOLON
   71     | RETURN MK_SEMICOLON
   72     | RETURN relop_expr MK_SEMICOLON
   73     | double_add_id MK_SEMICOLON

   74 test: assign_expr

   75 assign_expr_list: nonempty_assign_expr_list
   76                 | %empty

   77 nonempty_assign_expr_list: nonempty_assign_expr_list MK_COMMA assign_expr
   78                          | assign_expr

   79 assign_expr: ID OP_ASSIGN relop_expr
   80            | relop_expr
   81            | MK_LPAREN nonempty_assign_expr_list MK_RPAREN

   82 relop_expr: relop_term
   83           | relop_expr OP_OR relop_term

   84 relop_term: relop_factor
   85           | relop_term OP_AND relop_factor

   86 relop_factor: expr
   87             | expr rel_op expr

   88 rel_op: OP_EQ
   89       | OP_GE
   90       | OP_LE
   91       | OP_NE
   92       | OP_GT
   93       | OP_LT

   94 relop_expr_list: nonempty_relop_expr_list
   95                | %empty

   96 nonempty_relop_expr_list: nonempty_relop_expr_list MK_COMMA relop_expr
   97                         | relop_expr

   98 expr: expr add_op term
   99     | term

  100 add_op: OP_PLUS
  101       | OP_MINUS

  102 term: term mul_op factor
  103     | factor

  104 mul_op: OP_TIMES
  105       | OP_DIVIDE

  106 factor: MK_LPAREN relop_expr MK_RPAREN
  107       | unary_op MK_LPAREN relop_expr MK_RPAREN
  108       | CONST
  109       | unary_op CONST
  110       | ID MK_LPAREN relop_expr_list MK_RPAREN
  111       | unary_op ID MK_LPAREN relop_expr_list MK_RPAREN
  112       | var_ref
  113       | unary_op var_ref
  114       | double_add_id

  115 double_add_id: OP_PP ID
  116              | ID OP_PP
  117              | OP_MM ID
  118              | ID OP_MM
  119              | OP_PP ID dim_list
  120              | ID dim_list OP_PP
  121              | OP_MM ID dim_list
  122              | ID dim_list OP_MM

  123 unary_op: OP_NOT
  124         | OP_PLUS
  125         | OP_MINUS

  126 var_ref: ID
  127        | ID dim_list

  128 dim_list: dim_list MK_LB relop_expr MK_RB
  129         | MK_LB relop_expr MK_RB


終結語詞，附有它們出現處的規則

    $end (0) 0
    error (256)
    ID <lexeme> (258) 7 8 9 10 13 14 32 33 34 35 36 57 58 59 79 110 111 115 116 117 118 119 120 121 122 126 127
    CONST <const1> (259) 51 52 108 109
    VOID (260) 8 10 28
    INT (261) 30
    FLOAT (262) 31
    IF (263) 67 68
    ELSE (264) 68
    WHILE (265) 63
    FOR (266) 64 65
    TYPEDEF (267) 27 28
    OP_ASSIGN (268) 59 66 79
    OP_OR (269) 40 83
    OP_AND (270) 42 85
    OP_NOT (271) 123
    OP_EQ (272) 88
    OP_NE (273) 91
    OP_GT (274) 92
    OP_LT (275) 93
    OP_GE (276) 89
    OP_LE (277) 90
    OP_PLUS (278) 45 100 124
    OP_PP (279) 115 116 119 120
    OP_MINUS (280) 46 101 125
    OP_MM (281) 117 118 121 122
    OP_TIMES (282) 48 104
    OP_DIVIDE (283) 49 105
    MK_LB (284) 15 16 37 38 128 129
    MK_RB (285) 15 16 37 38 128 129
    MK_LPAREN (286) 7 8 9 10 53 54 63 64 65 67 68 69 81 106 107 110 111
    MK_RPAREN (287) 7 8 9 10 53 54 63 64 65 67 68 69 81 106 107 110 111
    MK_LBRACE (288) 7 8 9 10 62
    MK_RBRACE (289) 7 8 9 10 62
    MK_COMMA (290) 11 34 35 56 77 96
    MK_SEMICOLON (291) 27 28 29 64 65 66 69 70 71 72 73
    MK_DOT (292)
    ERROR (293)
    RETURN (294) 71 72


非終結語詞，附有它們出現處的規則

    $accept (40)
        於左側： 0
    program <node> (41)
        於左側： 1 2
        於右側： 0
    global_decl_list <node> (42)
        於左側： 3 4
        於右側： 1 3
    global_decl <node> (43)
        於左側： 5 6
        於右側： 3 4
    function_decl <node> (44)
        於左側： 7 8 9 10
        於右側： 5 6
    param_list <node> (45)
        於左側： 11 12
        於右側： 7 8 11
    param <node> (46)
        於左側： 13 14
        於右側： 11 12
    dim_fn <node> (47)
        於左側： 15 16
        於右側： 14 16
    expr_null <node> (48)
        於左側： 17 18
        於右側： 15
    block <node> (49)
        於左側： 19 20 21 22
        於右側： 7 8 9 10 62
    decl_list <node> (50)
        於左側： 23 24
        於右側： 5 19 21 23
    decl <node> (51)
        於左側： 25 26
        於右側： 23 24
    type_decl <node> (52)
        於左側： 27 28
        於右側： 25
    var_decl <node> (53)
        於左側： 29
        於右側： 26
    type <node> (54)
        於左側： 30 31 32
        於右側： 7 9 13 14 27 29
    id_list <node> (55)
        於左側： 33 34 35 36
        於右側： 27 28 34 35
    dim_decl <node> (56)
        於左側： 37 38
        於右側： 35 36 38 58
    crelop_expr <node> (57)
        於左側： 39 40
        於右側： 37 38 40
    crelop_term <node> (58)
        於左側： 41 42
        於右側： 39 40 42
    crelop_factor <node> (59)
        於左側： 43 44
        於右側： 41 42
    cexpr <node> (60)
        於左側： 45 46 47
        於右側： 43 44 45 46 53 54
    mcexpr <node> (61)
        於左側： 48 49 50
        於右側： 45 46 47 48 49
    cfactor <node> (62)
        於左側： 51 52 53 54
        於右側： 48 49 50
    init_id_list <node> (63)
        於左側： 55 56
        於右側： 29 56
    init_id <node> (64)
        於左側： 57 58 59
        於右側： 55 56
    stmt_list <node> (65)
        於左側： 60 61
        於右側： 19 20 60
    stmt <node> (66)
        於左側： 62 63 64 65 66 67 68 69 70 71 72 73
        於右側： 60 61 63 64 65 67 68
    test <node> (67)
        於左側： 74
        於右側： 67 68
    assign_expr_list <node> (68)
        於左側： 75 76
        於右側： 64 65
    nonempty_assign_expr_list <node> (69)
        於左側： 77 78
        於右側： 63 75 77 81
    assign_expr <node> (70)
        於左側： 79 80 81
        於右側： 74 77 78
    relop_expr <node> (71)
        於左側： 82 83
        於右側： 59 66 72 79 80 83 96 97 106 107 128 129
    relop_term <node> (72)
        於左側： 84 85
        於右側： 82 83 85
    relop_factor <node> (73)
        於左側： 86 87
        於右側： 84 85
    rel_op <node> (74)
        於左側： 88 89 90 91 92 93
        於右側： 44 87
    relop_expr_list <node> (75)
        於左側： 94 95
        於右側： 64 65 69 110 111
    nonempty_relop_expr_list <node> (76)
        於左側： 96 97
        於右側： 94 96
    expr <node> (77)
        於左側： 98 99
        於右側： 16 17 86 87 98
    add_op <node> (78)
        於左側： 100 101
        於右側： 98
    term <node> (79)
        於左側： 102 103
        於右側： 98 99 102
    mul_op <node> (80)
        於左側： 104 105
        於右側： 102
    factor <node> (81)
        於左側： 106 107 108 109 110 111 112 113 114
        於右側： 102 103
    double_add_id <node> (82)
        於左側： 115 116 117 118 119 120 121 122
        於右側： 73 114
    unary_op <node> (83)
        於左側： 123 124 125
        於右側： 52 54 107 109 111 113
    var_ref <node> (84)
        於左側： 126 127
        於右側： 66 69 112 113
    dim_list <node> (85)
        於左側： 128 129
        於右側： 119 120 121 122 127 128


狀態 0

    0 $accept: . program $end

    ID       偏移，並進入狀態 1
    VOID     偏移，並進入狀態 2
    INT      偏移，並進入狀態 3
    FLOAT    偏移，並進入狀態 4
    TYPEDEF  偏移，並進入狀態 5

    $default  使用規則 2 以縮減 (program)

    program           進入狀態 6
    global_decl_list  進入狀態 7
    global_decl       進入狀態 8
    function_decl     進入狀態 9
    decl_list         進入狀態 10
    decl              進入狀態 11
    type_decl         進入狀態 12
    var_decl          進入狀態 13
    type              進入狀態 14


狀態 1

   32 type: ID .

    $default  使用規則 32 以縮減 (type)


狀態 2

    8 function_decl: VOID . ID MK_LPAREN param_list MK_RPAREN MK_LBRACE block MK_RBRACE
   10              | VOID . ID MK_LPAREN MK_RPAREN MK_LBRACE block MK_RBRACE

    ID  偏移，並進入狀態 15


狀態 3

   30 type: INT .

    $default  使用規則 30 以縮減 (type)


狀態 4

   31 type: FLOAT .

    $default  使用規則 31 以縮減 (type)


狀態 5

   27 type_decl: TYPEDEF . type id_list MK_SEMICOLON
   28          | TYPEDEF . VOID id_list MK_SEMICOLON

    ID     偏移，並進入狀態 1
    VOID   偏移，並進入狀態 16
    INT    偏移，並進入狀態 3
    FLOAT  偏移，並進入狀態 4

    type  進入狀態 17


狀態 6

    0 $accept: program . $end

    $end  偏移，並進入狀態 18


狀態 7

    1 program: global_decl_list .
    3 global_decl_list: global_decl_list . global_decl

    ID       偏移，並進入狀態 1
    VOID     偏移，並進入狀態 2
    INT      偏移，並進入狀態 3
    FLOAT    偏移，並進入狀態 4
    TYPEDEF  偏移，並進入狀態 5

    $default  使用規則 1 以縮減 (program)

    global_decl    進入狀態 19
    function_decl  進入狀態 9
    decl_list      進入狀態 10
    decl           進入狀態 11
    type_decl      進入狀態 12
    var_decl       進入狀態 13
    type           進入狀態 14


狀態 8

    4 global_decl_list: global_decl .

    $default  使用規則 4 以縮減 (global_decl_list)


狀態 9

    6 global_decl: function_decl .

    $default  使用規則 6 以縮減 (global_decl)


狀態 10

    5 global_decl: decl_list . function_decl
   23 decl_list: decl_list . decl

    ID       偏移，並進入狀態 1
    VOID     偏移，並進入狀態 2
    INT      偏移，並進入狀態 3
    FLOAT    偏移，並進入狀態 4
    TYPEDEF  偏移，並進入狀態 5

    function_decl  進入狀態 20
    decl           進入狀態 21
    type_decl      進入狀態 12
    var_decl       進入狀態 13
    type           進入狀態 14


狀態 11

   24 decl_list: decl .

    $default  使用規則 24 以縮減 (decl_list)


狀態 12

   25 decl: type_decl .

    $default  使用規則 25 以縮減 (decl)


狀態 13

   26 decl: var_decl .

    $default  使用規則 26 以縮減 (decl)


狀態 14

    7 function_decl: type . ID MK_LPAREN param_list MK_RPAREN MK_LBRACE block MK_RBRACE
    9              | type . ID MK_LPAREN MK_RPAREN MK_LBRACE block MK_RBRACE
   29 var_decl: type . init_id_list MK_SEMICOLON

    ID  偏移，並進入狀態 22

    init_id_list  進入狀態 23
    init_id       進入狀態 24


狀態 15

    8 function_decl: VOID ID . MK_LPAREN param_list MK_RPAREN MK_LBRACE block MK_RBRACE
   10              | VOID ID . MK_LPAREN MK_RPAREN MK_LBRACE block MK_RBRACE

    MK_LPAREN  偏移，並進入狀態 25


狀態 16

   28 type_decl: TYPEDEF VOID . id_list MK_SEMICOLON

    ID  偏移，並進入狀態 26

    id_list  進入狀態 27


狀態 17

   27 type_decl: TYPEDEF type . id_list MK_SEMICOLON

    ID  偏移，並進入狀態 26

    id_list  進入狀態 28


狀態 18

    0 $accept: program $end .

    $default  接受


狀態 19

    3 global_decl_list: global_decl_list global_decl .

    $default  使用規則 3 以縮減 (global_decl_list)


狀態 20

    5 global_decl: decl_list function_decl .

    $default  使用規則 5 以縮減 (global_decl)


狀態 21

   23 decl_list: decl_list decl .

    $default  使用規則 23 以縮減 (decl_list)


狀態 22

    7 function_decl: type ID . MK_LPAREN param_list MK_RPAREN MK_LBRACE block MK_RBRACE
    9              | type ID . MK_LPAREN MK_RPAREN MK_LBRACE block MK_RBRACE
   57 init_id: ID .
   58        | ID . dim_decl
   59        | ID . OP_ASSIGN relop_expr

    OP_ASSIGN  偏移，並進入狀態 29
    MK_LB      偏移，並進入狀態 30
    MK_LPAREN  偏移，並進入狀態 31

    $default  使用規則 57 以縮減 (init_id)

    dim_decl  進入狀態 32


狀態 23

   29 var_decl: type init_id_list . MK_SEMICOLON
   56 init_id_list: init_id_list . MK_COMMA init_id

    MK_COMMA      偏移，並進入狀態 33
    MK_SEMICOLON  偏移，並進入狀態 34


狀態 24

   55 init_id_list: init_id .

    $default  使用規則 55 以縮減 (init_id_list)


狀態 25

    8 function_decl: VOID ID MK_LPAREN . param_list MK_RPAREN MK_LBRACE block MK_RBRACE
   10              | VOID ID MK_LPAREN . MK_RPAREN MK_LBRACE block MK_RBRACE

    ID         偏移，並進入狀態 1
    INT        偏移，並進入狀態 3
    FLOAT      偏移，並進入狀態 4
    MK_RPAREN  偏移，並進入狀態 35

    param_list  進入狀態 36
    param       進入狀態 37
    type        進入狀態 38


狀態 26

   33 id_list: ID .
   36        | ID . dim_decl

    MK_LB  偏移，並進入狀態 30

    $default  使用規則 33 以縮減 (id_list)

    dim_decl  進入狀態 39


狀態 27

   28 type_decl: TYPEDEF VOID id_list . MK_SEMICOLON
   34 id_list: id_list . MK_COMMA ID
   35        | id_list . MK_COMMA ID dim_decl

    MK_COMMA      偏移，並進入狀態 40
    MK_SEMICOLON  偏移，並進入狀態 41


狀態 28

   27 type_decl: TYPEDEF type id_list . MK_SEMICOLON
   34 id_list: id_list . MK_COMMA ID
   35        | id_list . MK_COMMA ID dim_decl

    MK_COMMA      偏移，並進入狀態 40
    MK_SEMICOLON  偏移，並進入狀態 42


狀態 29

   59 init_id: ID OP_ASSIGN . relop_expr

    ID         偏移，並進入狀態 43
    CONST      偏移，並進入狀態 44
    OP_NOT     偏移，並進入狀態 45
    OP_PLUS    偏移，並進入狀態 46
    OP_PP      偏移，並進入狀態 47
    OP_MINUS   偏移，並進入狀態 48
    OP_MM      偏移，並進入狀態 49
    MK_LPAREN  偏移，並進入狀態 50

    relop_expr     進入狀態 51
    relop_term     進入狀態 52
    relop_factor   進入狀態 53
    expr           進入狀態 54
    term           進入狀態 55
    factor         進入狀態 56
    double_add_id  進入狀態 57
    unary_op       進入狀態 58
    var_ref        進入狀態 59


狀態 30

   37 dim_decl: MK_LB . crelop_expr MK_RB

    CONST      偏移，並進入狀態 60
    OP_NOT     偏移，並進入狀態 45
    OP_PLUS    偏移，並進入狀態 46
    OP_MINUS   偏移，並進入狀態 48
    MK_LPAREN  偏移，並進入狀態 61

    crelop_expr    進入狀態 62
    crelop_term    進入狀態 63
    crelop_factor  進入狀態 64
    cexpr          進入狀態 65
    mcexpr         進入狀態 66
    cfactor        進入狀態 67
    unary_op       進入狀態 68


狀態 31

    7 function_decl: type ID MK_LPAREN . param_list MK_RPAREN MK_LBRACE block MK_RBRACE
    9              | type ID MK_LPAREN . MK_RPAREN MK_LBRACE block MK_RBRACE

    ID         偏移，並進入狀態 1
    INT        偏移，並進入狀態 3
    FLOAT      偏移，並進入狀態 4
    MK_RPAREN  偏移，並進入狀態 69

    param_list  進入狀態 70
    param       進入狀態 37
    type        進入狀態 38


狀態 32

   38 dim_decl: dim_decl . MK_LB crelop_expr MK_RB
   58 init_id: ID dim_decl .

    MK_LB  偏移，並進入狀態 71

    $default  使用規則 58 以縮減 (init_id)


狀態 33

   56 init_id_list: init_id_list MK_COMMA . init_id

    ID  偏移，並進入狀態 72

    init_id  進入狀態 73


狀態 34

   29 var_decl: type init_id_list MK_SEMICOLON .

    $default  使用規則 29 以縮減 (var_decl)


狀態 35

   10 function_decl: VOID ID MK_LPAREN MK_RPAREN . MK_LBRACE block MK_RBRACE

    MK_LBRACE  偏移，並進入狀態 74


狀態 36

    8 function_decl: VOID ID MK_LPAREN param_list . MK_RPAREN MK_LBRACE block MK_RBRACE
   11 param_list: param_list . MK_COMMA param

    MK_RPAREN  偏移，並進入狀態 75
    MK_COMMA   偏移，並進入狀態 76


狀態 37

   12 param_list: param .

    $default  使用規則 12 以縮減 (param_list)


狀態 38

   13 param: type . ID
   14      | type . ID dim_fn

    ID  偏移，並進入狀態 77


狀態 39

   36 id_list: ID dim_decl .
   38 dim_decl: dim_decl . MK_LB crelop_expr MK_RB

    MK_LB  偏移，並進入狀態 71

    $default  使用規則 36 以縮減 (id_list)


狀態 40

   34 id_list: id_list MK_COMMA . ID
   35        | id_list MK_COMMA . ID dim_decl

    ID  偏移，並進入狀態 78


狀態 41

   28 type_decl: TYPEDEF VOID id_list MK_SEMICOLON .

    $default  使用規則 28 以縮減 (type_decl)


狀態 42

   27 type_decl: TYPEDEF type id_list MK_SEMICOLON .

    $default  使用規則 27 以縮減 (type_decl)


狀態 43

  110 factor: ID . MK_LPAREN relop_expr_list MK_RPAREN
  116 double_add_id: ID . OP_PP
  118              | ID . OP_MM
  120              | ID . dim_list OP_PP
  122              | ID . dim_list OP_MM
  126 var_ref: ID .
  127        | ID . dim_list

    OP_PP      偏移，並進入狀態 79
    OP_MM      偏移，並進入狀態 80
    MK_LB      偏移，並進入狀態 81
    MK_LPAREN  偏移，並進入狀態 82

    $default  使用規則 126 以縮減 (var_ref)

    dim_list  進入狀態 83


狀態 44

  108 factor: CONST .

    $default  使用規則 108 以縮減 (factor)


狀態 45

  123 unary_op: OP_NOT .

    $default  使用規則 123 以縮減 (unary_op)


狀態 46

  124 unary_op: OP_PLUS .

    $default  使用規則 124 以縮減 (unary_op)


狀態 47

  115 double_add_id: OP_PP . ID
  119              | OP_PP . ID dim_list

    ID  偏移，並進入狀態 84


狀態 48

  125 unary_op: OP_MINUS .

    $default  使用規則 125 以縮減 (unary_op)


狀態 49

  117 double_add_id: OP_MM . ID
  121              | OP_MM . ID dim_list

    ID  偏移，並進入狀態 85


狀態 50

  106 factor: MK_LPAREN . relop_expr MK_RPAREN

    ID         偏移，並進入狀態 43
    CONST      偏移，並進入狀態 44
    OP_NOT     偏移，並進入狀態 45
    OP_PLUS    偏移，並進入狀態 46
    OP_PP      偏移，並進入狀態 47
    OP_MINUS   偏移，並進入狀態 48
    OP_MM      偏移，並進入狀態 49
    MK_LPAREN  偏移，並進入狀態 50

    relop_expr     進入狀態 86
    relop_term     進入狀態 52
    relop_factor   進入狀態 53
    expr           進入狀態 54
    term           進入狀態 55
    factor         進入狀態 56
    double_add_id  進入狀態 57
    unary_op       進入狀態 58
    var_ref        進入狀態 59


狀態 51

   59 init_id: ID OP_ASSIGN relop_expr .
   83 relop_expr: relop_expr . OP_OR relop_term

    OP_OR  偏移，並進入狀態 87

    $default  使用規則 59 以縮減 (init_id)


狀態 52

   82 relop_expr: relop_term .
   85 relop_term: relop_term . OP_AND relop_factor

    OP_AND  偏移，並進入狀態 88

    $default  使用規則 82 以縮減 (relop_expr)


狀態 53

   84 relop_term: relop_factor .

    $default  使用規則 84 以縮減 (relop_term)


狀態 54

   86 relop_factor: expr .
   87             | expr . rel_op expr
   98 expr: expr . add_op term

    OP_EQ     偏移，並進入狀態 89
    OP_NE     偏移，並進入狀態 90
    OP_GT     偏移，並進入狀態 91
    OP_LT     偏移，並進入狀態 92
    OP_GE     偏移，並進入狀態 93
    OP_LE     偏移，並進入狀態 94
    OP_PLUS   偏移，並進入狀態 95
    OP_MINUS  偏移，並進入狀態 96

    $default  使用規則 86 以縮減 (relop_factor)

    rel_op  進入狀態 97
    add_op  進入狀態 98


狀態 55

   99 expr: term .
  102 term: term . mul_op factor

    OP_TIMES   偏移，並進入狀態 99
    OP_DIVIDE  偏移，並進入狀態 100

    $default  使用規則 99 以縮減 (expr)

    mul_op  進入狀態 101


狀態 56

  103 term: factor .

    $default  使用規則 103 以縮減 (term)


狀態 57

  114 factor: double_add_id .

    $default  使用規則 114 以縮減 (factor)


狀態 58

  107 factor: unary_op . MK_LPAREN relop_expr MK_RPAREN
  109       | unary_op . CONST
  111       | unary_op . ID MK_LPAREN relop_expr_list MK_RPAREN
  113       | unary_op . var_ref

    ID         偏移，並進入狀態 102
    CONST      偏移，並進入狀態 103
    MK_LPAREN  偏移，並進入狀態 104

    var_ref  進入狀態 105


狀態 59

  112 factor: var_ref .

    $default  使用規則 112 以縮減 (factor)


狀態 60

   51 cfactor: CONST .

    $default  使用規則 51 以縮減 (cfactor)


狀態 61

   53 cfactor: MK_LPAREN . cexpr MK_RPAREN

    CONST      偏移，並進入狀態 60
    OP_NOT     偏移，並進入狀態 45
    OP_PLUS    偏移，並進入狀態 46
    OP_MINUS   偏移，並進入狀態 48
    MK_LPAREN  偏移，並進入狀態 61

    cexpr     進入狀態 106
    mcexpr    進入狀態 66
    cfactor   進入狀態 67
    unary_op  進入狀態 68


狀態 62

   37 dim_decl: MK_LB crelop_expr . MK_RB
   40 crelop_expr: crelop_expr . OP_OR crelop_term

    OP_OR  偏移，並進入狀態 107
    MK_RB  偏移，並進入狀態 108


狀態 63

   39 crelop_expr: crelop_term .
   42 crelop_term: crelop_term . OP_AND crelop_factor

    OP_AND  偏移，並進入狀態 109

    $default  使用規則 39 以縮減 (crelop_expr)


狀態 64

   41 crelop_term: crelop_factor .

    $default  使用規則 41 以縮減 (crelop_term)


狀態 65

   43 crelop_factor: cexpr .
   44              | cexpr . rel_op cexpr
   45 cexpr: cexpr . OP_PLUS mcexpr
   46      | cexpr . OP_MINUS mcexpr

    OP_EQ     偏移，並進入狀態 89
    OP_NE     偏移，並進入狀態 90
    OP_GT     偏移，並進入狀態 91
    OP_LT     偏移，並進入狀態 92
    OP_GE     偏移，並進入狀態 93
    OP_LE     偏移，並進入狀態 94
    OP_PLUS   偏移，並進入狀態 110
    OP_MINUS  偏移，並進入狀態 111

    $default  使用規則 43 以縮減 (crelop_factor)

    rel_op  進入狀態 112


狀態 66

   47 cexpr: mcexpr .
   48 mcexpr: mcexpr . OP_TIMES cfactor
   49       | mcexpr . OP_DIVIDE cfactor

    OP_TIMES   偏移，並進入狀態 113
    OP_DIVIDE  偏移，並進入狀態 114

    $default  使用規則 47 以縮減 (cexpr)


狀態 67

   50 mcexpr: cfactor .

    $default  使用規則 50 以縮減 (mcexpr)


狀態 68

   52 cfactor: unary_op . CONST
   54        | unary_op . MK_LPAREN cexpr MK_RPAREN

    CONST      偏移，並進入狀態 115
    MK_LPAREN  偏移，並進入狀態 116


狀態 69

    9 function_decl: type ID MK_LPAREN MK_RPAREN . MK_LBRACE block MK_RBRACE

    MK_LBRACE  偏移，並進入狀態 117


狀態 70

    7 function_decl: type ID MK_LPAREN param_list . MK_RPAREN MK_LBRACE block MK_RBRACE
   11 param_list: param_list . MK_COMMA param

    MK_RPAREN  偏移，並進入狀態 118
    MK_COMMA   偏移，並進入狀態 76


狀態 71

   38 dim_decl: dim_decl MK_LB . crelop_expr MK_RB

    CONST      偏移，並進入狀態 60
    OP_NOT     偏移，並進入狀態 45
    OP_PLUS    偏移，並進入狀態 46
    OP_MINUS   偏移，並進入狀態 48
    MK_LPAREN  偏移，並進入狀態 61

    crelop_expr    進入狀態 119
    crelop_term    進入狀態 63
    crelop_factor  進入狀態 64
    cexpr          進入狀態 65
    mcexpr         進入狀態 66
    cfactor        進入狀態 67
    unary_op       進入狀態 68


狀態 72

   57 init_id: ID .
   58        | ID . dim_decl
   59        | ID . OP_ASSIGN relop_expr

    OP_ASSIGN  偏移，並進入狀態 29
    MK_LB      偏移，並進入狀態 30

    $default  使用規則 57 以縮減 (init_id)

    dim_decl  進入狀態 32


狀態 73

   56 init_id_list: init_id_list MK_COMMA init_id .

    $default  使用規則 56 以縮減 (init_id_list)


狀態 74

   10 function_decl: VOID ID MK_LPAREN MK_RPAREN MK_LBRACE . block MK_RBRACE

    ID            偏移，並進入狀態 120
    INT           偏移，並進入狀態 3
    FLOAT         偏移，並進入狀態 4
    IF            偏移，並進入狀態 121
    WHILE         偏移，並進入狀態 122
    FOR           偏移，並進入狀態 123
    TYPEDEF       偏移，並進入狀態 5
    OP_PP         偏移，並進入狀態 47
    OP_MM         偏移，並進入狀態 49
    MK_LBRACE     偏移，並進入狀態 124
    MK_SEMICOLON  偏移，並進入狀態 125
    RETURN        偏移，並進入狀態 126

    $default  使用規則 22 以縮減 (block)

    block          進入狀態 127
    decl_list      進入狀態 128
    decl           進入狀態 11
    type_decl      進入狀態 12
    var_decl       進入狀態 13
    type           進入狀態 129
    stmt_list      進入狀態 130
    stmt           進入狀態 131
    double_add_id  進入狀態 132
    var_ref        進入狀態 133


狀態 75

    8 function_decl: VOID ID MK_LPAREN param_list MK_RPAREN . MK_LBRACE block MK_RBRACE

    MK_LBRACE  偏移，並進入狀態 134


狀態 76

   11 param_list: param_list MK_COMMA . param

    ID     偏移，並進入狀態 1
    INT    偏移，並進入狀態 3
    FLOAT  偏移，並進入狀態 4

    param  進入狀態 135
    type   進入狀態 38


狀態 77

   13 param: type ID .
   14      | type ID . dim_fn

    MK_LB  偏移，並進入狀態 136

    $default  使用規則 13 以縮減 (param)

    dim_fn  進入狀態 137


狀態 78

   34 id_list: id_list MK_COMMA ID .
   35        | id_list MK_COMMA ID . dim_decl

    MK_LB  偏移，並進入狀態 30

    $default  使用規則 34 以縮減 (id_list)

    dim_decl  進入狀態 138


狀態 79

  116 double_add_id: ID OP_PP .

    $default  使用規則 116 以縮減 (double_add_id)


狀態 80

  118 double_add_id: ID OP_MM .

    $default  使用規則 118 以縮減 (double_add_id)


狀態 81

  129 dim_list: MK_LB . relop_expr MK_RB

    ID         偏移，並進入狀態 43
    CONST      偏移，並進入狀態 44
    OP_NOT     偏移，並進入狀態 45
    OP_PLUS    偏移，並進入狀態 46
    OP_PP      偏移，並進入狀態 47
    OP_MINUS   偏移，並進入狀態 48
    OP_MM      偏移，並進入狀態 49
    MK_LPAREN  偏移，並進入狀態 50

    relop_expr     進入狀態 139
    relop_term     進入狀態 52
    relop_factor   進入狀態 53
    expr           進入狀態 54
    term           進入狀態 55
    factor         進入狀態 56
    double_add_id  進入狀態 57
    unary_op       進入狀態 58
    var_ref        進入狀態 59


狀態 82

  110 factor: ID MK_LPAREN . relop_expr_list MK_RPAREN

    ID         偏移，並進入狀態 43
    CONST      偏移，並進入狀態 44
    OP_NOT     偏移，並進入狀態 45
    OP_PLUS    偏移，並進入狀態 46
    OP_PP      偏移，並進入狀態 47
    OP_MINUS   偏移，並進入狀態 48
    OP_MM      偏移，並進入狀態 49
    MK_LPAREN  偏移，並進入狀態 50

    $default  使用規則 95 以縮減 (relop_expr_list)

    relop_expr                進入狀態 140
    relop_term                進入狀態 52
    relop_factor              進入狀態 53
    relop_expr_list           進入狀態 141
    nonempty_relop_expr_list  進入狀態 142
    expr                      進入狀態 54
    term                      進入狀態 55
    factor                    進入狀態 56
    double_add_id             進入狀態 57
    unary_op                  進入狀態 58
    var_ref                   進入狀態 59


狀態 83

  120 double_add_id: ID dim_list . OP_PP
  122              | ID dim_list . OP_MM
  127 var_ref: ID dim_list .
  128 dim_list: dim_list . MK_LB relop_expr MK_RB

    OP_PP  偏移，並進入狀態 143
    OP_MM  偏移，並進入狀態 144
    MK_LB  偏移，並進入狀態 145

    $default  使用規則 127 以縮減 (var_ref)


狀態 84

  115 double_add_id: OP_PP ID .
  119              | OP_PP ID . dim_list

    MK_LB  偏移，並進入狀態 81

    $default  使用規則 115 以縮減 (double_add_id)

    dim_list  進入狀態 146


狀態 85

  117 double_add_id: OP_MM ID .
  121              | OP_MM ID . dim_list

    MK_LB  偏移，並進入狀態 81

    $default  使用規則 117 以縮減 (double_add_id)

    dim_list  進入狀態 147


狀態 86

   83 relop_expr: relop_expr . OP_OR relop_term
  106 factor: MK_LPAREN relop_expr . MK_RPAREN

    OP_OR      偏移，並進入狀態 87
    MK_RPAREN  偏移，並進入狀態 148


狀態 87

   83 relop_expr: relop_expr OP_OR . relop_term

    ID         偏移，並進入狀態 43
    CONST      偏移，並進入狀態 44
    OP_NOT     偏移，並進入狀態 45
    OP_PLUS    偏移，並進入狀態 46
    OP_PP      偏移，並進入狀態 47
    OP_MINUS   偏移，並進入狀態 48
    OP_MM      偏移，並進入狀態 49
    MK_LPAREN  偏移，並進入狀態 50

    relop_term     進入狀態 149
    relop_factor   進入狀態 53
    expr           進入狀態 54
    term           進入狀態 55
    factor         進入狀態 56
    double_add_id  進入狀態 57
    unary_op       進入狀態 58
    var_ref        進入狀態 59


狀態 88

   85 relop_term: relop_term OP_AND . relop_factor

    ID         偏移，並進入狀態 43
    CONST      偏移，並進入狀態 44
    OP_NOT     偏移，並進入狀態 45
    OP_PLUS    偏移，並進入狀態 46
    OP_PP      偏移，並進入狀態 47
    OP_MINUS   偏移，並進入狀態 48
    OP_MM      偏移，並進入狀態 49
    MK_LPAREN  偏移，並進入狀態 50

    relop_factor   進入狀態 150
    expr           進入狀態 54
    term           進入狀態 55
    factor         進入狀態 56
    double_add_id  進入狀態 57
    unary_op       進入狀態 58
    var_ref        進入狀態 59


狀態 89

   88 rel_op: OP_EQ .

    $default  使用規則 88 以縮減 (rel_op)


狀態 90

   91 rel_op: OP_NE .

    $default  使用規則 91 以縮減 (rel_op)


狀態 91

   92 rel_op: OP_GT .

    $default  使用規則 92 以縮減 (rel_op)


狀態 92

   93 rel_op: OP_LT .

    $default  使用規則 93 以縮減 (rel_op)


狀態 93

   89 rel_op: OP_GE .

    $default  使用規則 89 以縮減 (rel_op)


狀態 94

   90 rel_op: OP_LE .

    $default  使用規則 90 以縮減 (rel_op)


狀態 95

  100 add_op: OP_PLUS .

    $default  使用規則 100 以縮減 (add_op)


狀態 96

  101 add_op: OP_MINUS .

    $default  使用規則 101 以縮減 (add_op)


狀態 97

   87 relop_factor: expr rel_op . expr

    ID         偏移，並進入狀態 43
    CONST      偏移，並進入狀態 44
    OP_NOT     偏移，並進入狀態 45
    OP_PLUS    偏移，並進入狀態 46
    OP_PP      偏移，並進入狀態 47
    OP_MINUS   偏移，並進入狀態 48
    OP_MM      偏移，並進入狀態 49
    MK_LPAREN  偏移，並進入狀態 50

    expr           進入狀態 151
    term           進入狀態 55
    factor         進入狀態 56
    double_add_id  進入狀態 57
    unary_op       進入狀態 58
    var_ref        進入狀態 59


狀態 98

   98 expr: expr add_op . term

    ID         偏移，並進入狀態 43
    CONST      偏移，並進入狀態 44
    OP_NOT     偏移，並進入狀態 45
    OP_PLUS    偏移，並進入狀態 46
    OP_PP      偏移，並進入狀態 47
    OP_MINUS   偏移，並進入狀態 48
    OP_MM      偏移，並進入狀態 49
    MK_LPAREN  偏移，並進入狀態 50

    term           進入狀態 152
    factor         進入狀態 56
    double_add_id  進入狀態 57
    unary_op       進入狀態 58
    var_ref        進入狀態 59


狀態 99

  104 mul_op: OP_TIMES .

    $default  使用規則 104 以縮減 (mul_op)


狀態 100

  105 mul_op: OP_DIVIDE .

    $default  使用規則 105 以縮減 (mul_op)


狀態 101

  102 term: term mul_op . factor

    ID         偏移，並進入狀態 43
    CONST      偏移，並進入狀態 44
    OP_NOT     偏移，並進入狀態 45
    OP_PLUS    偏移，並進入狀態 46
    OP_PP      偏移，並進入狀態 47
    OP_MINUS   偏移，並進入狀態 48
    OP_MM      偏移，並進入狀態 49
    MK_LPAREN  偏移，並進入狀態 50

    factor         進入狀態 153
    double_add_id  進入狀態 57
    unary_op       進入狀態 58
    var_ref        進入狀態 59


狀態 102

  111 factor: unary_op ID . MK_LPAREN relop_expr_list MK_RPAREN
  126 var_ref: ID .
  127        | ID . dim_list

    MK_LB      偏移，並進入狀態 81
    MK_LPAREN  偏移，並進入狀態 154

    $default  使用規則 126 以縮減 (var_ref)

    dim_list  進入狀態 155


狀態 103

  109 factor: unary_op CONST .

    $default  使用規則 109 以縮減 (factor)


狀態 104

  107 factor: unary_op MK_LPAREN . relop_expr MK_RPAREN

    ID         偏移，並進入狀態 43
    CONST      偏移，並進入狀態 44
    OP_NOT     偏移，並進入狀態 45
    OP_PLUS    偏移，並進入狀態 46
    OP_PP      偏移，並進入狀態 47
    OP_MINUS   偏移，並進入狀態 48
    OP_MM      偏移，並進入狀態 49
    MK_LPAREN  偏移，並進入狀態 50

    relop_expr     進入狀態 156
    relop_term     進入狀態 52
    relop_factor   進入狀態 53
    expr           進入狀態 54
    term           進入狀態 55
    factor         進入狀態 56
    double_add_id  進入狀態 57
    unary_op       進入狀態 58
    var_ref        進入狀態 59


狀態 105

  113 factor: unary_op var_ref .

    $default  使用規則 113 以縮減 (factor)


狀態 106

   45 cexpr: cexpr . OP_PLUS mcexpr
   46      | cexpr . OP_MINUS mcexpr
   53 cfactor: MK_LPAREN cexpr . MK_RPAREN

    OP_PLUS    偏移，並進入狀態 110
    OP_MINUS   偏移，並進入狀態 111
    MK_RPAREN  偏移，並進入狀態 157


狀態 107

   40 crelop_expr: crelop_expr OP_OR . crelop_term

    CONST      偏移，並進入狀態 60
    OP_NOT     偏移，並進入狀態 45
    OP_PLUS    偏移，並進入狀態 46
    OP_MINUS   偏移，並進入狀態 48
    MK_LPAREN  偏移，並進入狀態 61

    crelop_term    進入狀態 158
    crelop_factor  進入狀態 64
    cexpr          進入狀態 65
    mcexpr         進入狀態 66
    cfactor        進入狀態 67
    unary_op       進入狀態 68


狀態 108

   37 dim_decl: MK_LB crelop_expr MK_RB .

    $default  使用規則 37 以縮減 (dim_decl)


狀態 109

   42 crelop_term: crelop_term OP_AND . crelop_factor

    CONST      偏移，並進入狀態 60
    OP_NOT     偏移，並進入狀態 45
    OP_PLUS    偏移，並進入狀態 46
    OP_MINUS   偏移，並進入狀態 48
    MK_LPAREN  偏移，並進入狀態 61

    crelop_factor  進入狀態 159
    cexpr          進入狀態 65
    mcexpr         進入狀態 66
    cfactor        進入狀態 67
    unary_op       進入狀態 68


狀態 110

   45 cexpr: cexpr OP_PLUS . mcexpr

    CONST      偏移，並進入狀態 60
    OP_NOT     偏移，並進入狀態 45
    OP_PLUS    偏移，並進入狀態 46
    OP_MINUS   偏移，並進入狀態 48
    MK_LPAREN  偏移，並進入狀態 61

    mcexpr    進入狀態 160
    cfactor   進入狀態 67
    unary_op  進入狀態 68


狀態 111

   46 cexpr: cexpr OP_MINUS . mcexpr

    CONST      偏移，並進入狀態 60
    OP_NOT     偏移，並進入狀態 45
    OP_PLUS    偏移，並進入狀態 46
    OP_MINUS   偏移，並進入狀態 48
    MK_LPAREN  偏移，並進入狀態 61

    mcexpr    進入狀態 161
    cfactor   進入狀態 67
    unary_op  進入狀態 68


狀態 112

   44 crelop_factor: cexpr rel_op . cexpr

    CONST      偏移，並進入狀態 60
    OP_NOT     偏移，並進入狀態 45
    OP_PLUS    偏移，並進入狀態 46
    OP_MINUS   偏移，並進入狀態 48
    MK_LPAREN  偏移，並進入狀態 61

    cexpr     進入狀態 162
    mcexpr    進入狀態 66
    cfactor   進入狀態 67
    unary_op  進入狀態 68


狀態 113

   48 mcexpr: mcexpr OP_TIMES . cfactor

    CONST      偏移，並進入狀態 60
    OP_NOT     偏移，並進入狀態 45
    OP_PLUS    偏移，並進入狀態 46
    OP_MINUS   偏移，並進入狀態 48
    MK_LPAREN  偏移，並進入狀態 61

    cfactor   進入狀態 163
    unary_op  進入狀態 68


狀態 114

   49 mcexpr: mcexpr OP_DIVIDE . cfactor

    CONST      偏移，並進入狀態 60
    OP_NOT     偏移，並進入狀態 45
    OP_PLUS    偏移，並進入狀態 46
    OP_MINUS   偏移，並進入狀態 48
    MK_LPAREN  偏移，並進入狀態 61

    cfactor   進入狀態 164
    unary_op  進入狀態 68


狀態 115

   52 cfactor: unary_op CONST .

    $default  使用規則 52 以縮減 (cfactor)


狀態 116

   54 cfactor: unary_op MK_LPAREN . cexpr MK_RPAREN

    CONST      偏移，並進入狀態 60
    OP_NOT     偏移，並進入狀態 45
    OP_PLUS    偏移，並進入狀態 46
    OP_MINUS   偏移，並進入狀態 48
    MK_LPAREN  偏移，並進入狀態 61

    cexpr     進入狀態 165
    mcexpr    進入狀態 66
    cfactor   進入狀態 67
    unary_op  進入狀態 68


狀態 117

    9 function_decl: type ID MK_LPAREN MK_RPAREN MK_LBRACE . block MK_RBRACE

    ID            偏移，並進入狀態 120
    INT           偏移，並進入狀態 3
    FLOAT         偏移，並進入狀態 4
    IF            偏移，並進入狀態 121
    WHILE         偏移，並進入狀態 122
    FOR           偏移，並進入狀態 123
    TYPEDEF       偏移，並進入狀態 5
    OP_PP         偏移，並進入狀態 47
    OP_MM         偏移，並進入狀態 49
    MK_LBRACE     偏移，並進入狀態 124
    MK_SEMICOLON  偏移，並進入狀態 125
    RETURN        偏移，並進入狀態 126

    $default  使用規則 22 以縮減 (block)

    block          進入狀態 166
    decl_list      進入狀態 128
    decl           進入狀態 11
    type_decl      進入狀態 12
    var_decl       進入狀態 13
    type           進入狀態 129
    stmt_list      進入狀態 130
    stmt           進入狀態 131
    double_add_id  進入狀態 132
    var_ref        進入狀態 133


狀態 118

    7 function_decl: type ID MK_LPAREN param_list MK_RPAREN . MK_LBRACE block MK_RBRACE

    MK_LBRACE  偏移，並進入狀態 167


狀態 119

   38 dim_decl: dim_decl MK_LB crelop_expr . MK_RB
   40 crelop_expr: crelop_expr . OP_OR crelop_term

    OP_OR  偏移，並進入狀態 107
    MK_RB  偏移，並進入狀態 168


狀態 120

   32 type: ID .
  116 double_add_id: ID . OP_PP
  118              | ID . OP_MM
  120              | ID . dim_list OP_PP
  122              | ID . dim_list OP_MM
  126 var_ref: ID .
  127        | ID . dim_list

    OP_PP  偏移，並進入狀態 79
    OP_MM  偏移，並進入狀態 80
    MK_LB  偏移，並進入狀態 81

    ID        使用規則 32 以縮減 (type)
    $default  使用規則 126 以縮減 (var_ref)

    dim_list  進入狀態 83


狀態 121

   67 stmt: IF . MK_LPAREN test MK_RPAREN stmt
   68     | IF . MK_LPAREN test MK_RPAREN stmt ELSE stmt

    MK_LPAREN  偏移，並進入狀態 169


狀態 122

   63 stmt: WHILE . MK_LPAREN nonempty_assign_expr_list MK_RPAREN stmt

    MK_LPAREN  偏移，並進入狀態 170


狀態 123

   64 stmt: FOR . MK_LPAREN assign_expr_list MK_SEMICOLON relop_expr_list MK_SEMICOLON assign_expr_list MK_RPAREN stmt
   65     | FOR . MK_LPAREN assign_expr_list MK_SEMICOLON relop_expr_list MK_SEMICOLON assign_expr_list MK_RPAREN stmt

    MK_LPAREN  偏移，並進入狀態 171


狀態 124

   62 stmt: MK_LBRACE . block MK_RBRACE

    ID            偏移，並進入狀態 120
    INT           偏移，並進入狀態 3
    FLOAT         偏移，並進入狀態 4
    IF            偏移，並進入狀態 121
    WHILE         偏移，並進入狀態 122
    FOR           偏移，並進入狀態 123
    TYPEDEF       偏移，並進入狀態 5
    OP_PP         偏移，並進入狀態 47
    OP_MM         偏移，並進入狀態 49
    MK_LBRACE     偏移，並進入狀態 124
    MK_SEMICOLON  偏移，並進入狀態 125
    RETURN        偏移，並進入狀態 126

    $default  使用規則 22 以縮減 (block)

    block          進入狀態 172
    decl_list      進入狀態 128
    decl           進入狀態 11
    type_decl      進入狀態 12
    var_decl       進入狀態 13
    type           進入狀態 129
    stmt_list      進入狀態 130
    stmt           進入狀態 131
    double_add_id  進入狀態 132
    var_ref        進入狀態 133


狀態 125

   70 stmt: MK_SEMICOLON .

    $default  使用規則 70 以縮減 (stmt)


狀態 126

   71 stmt: RETURN . MK_SEMICOLON
   72     | RETURN . relop_expr MK_SEMICOLON

    ID            偏移，並進入狀態 43
    CONST         偏移，並進入狀態 44
    OP_NOT        偏移，並進入狀態 45
    OP_PLUS       偏移，並進入狀態 46
    OP_PP         偏移，並進入狀態 47
    OP_MINUS      偏移，並進入狀態 48
    OP_MM         偏移，並進入狀態 49
    MK_LPAREN     偏移，並進入狀態 50
    MK_SEMICOLON  偏移，並進入狀態 173

    relop_expr     進入狀態 174
    relop_term     進入狀態 52
    relop_factor   進入狀態 53
    expr           進入狀態 54
    term           進入狀態 55
    factor         進入狀態 56
    double_add_id  進入狀態 57
    unary_op       進入狀態 58
    var_ref        進入狀態 59


狀態 127

   10 function_decl: VOID ID MK_LPAREN MK_RPAREN MK_LBRACE block . MK_RBRACE

    MK_RBRACE  偏移，並進入狀態 175


狀態 128

   19 block: decl_list . stmt_list
   21      | decl_list .
   23 decl_list: decl_list . decl

    ID            偏移，並進入狀態 120
    INT           偏移，並進入狀態 3
    FLOAT         偏移，並進入狀態 4
    IF            偏移，並進入狀態 121
    WHILE         偏移，並進入狀態 122
    FOR           偏移，並進入狀態 123
    TYPEDEF       偏移，並進入狀態 5
    OP_PP         偏移，並進入狀態 47
    OP_MM         偏移，並進入狀態 49
    MK_LBRACE     偏移，並進入狀態 124
    MK_SEMICOLON  偏移，並進入狀態 125
    RETURN        偏移，並進入狀態 126

    $default  使用規則 21 以縮減 (block)

    decl           進入狀態 21
    type_decl      進入狀態 12
    var_decl       進入狀態 13
    type           進入狀態 129
    stmt_list      進入狀態 176
    stmt           進入狀態 131
    double_add_id  進入狀態 132
    var_ref        進入狀態 133


狀態 129

   29 var_decl: type . init_id_list MK_SEMICOLON

    ID  偏移，並進入狀態 72

    init_id_list  進入狀態 23
    init_id       進入狀態 24


狀態 130

   20 block: stmt_list .
   60 stmt_list: stmt_list . stmt

    ID            偏移，並進入狀態 177
    IF            偏移，並進入狀態 121
    WHILE         偏移，並進入狀態 122
    FOR           偏移，並進入狀態 123
    OP_PP         偏移，並進入狀態 47
    OP_MM         偏移，並進入狀態 49
    MK_LBRACE     偏移，並進入狀態 124
    MK_SEMICOLON  偏移，並進入狀態 125
    RETURN        偏移，並進入狀態 126

    $default  使用規則 20 以縮減 (block)

    stmt           進入狀態 178
    double_add_id  進入狀態 132
    var_ref        進入狀態 133


狀態 131

   61 stmt_list: stmt .

    $default  使用規則 61 以縮減 (stmt_list)


狀態 132

   73 stmt: double_add_id . MK_SEMICOLON

    MK_SEMICOLON  偏移，並進入狀態 179


狀態 133

   66 stmt: var_ref . OP_ASSIGN relop_expr MK_SEMICOLON
   69     | var_ref . MK_LPAREN relop_expr_list MK_RPAREN MK_SEMICOLON

    OP_ASSIGN  偏移，並進入狀態 180
    MK_LPAREN  偏移，並進入狀態 181


狀態 134

    8 function_decl: VOID ID MK_LPAREN param_list MK_RPAREN MK_LBRACE . block MK_RBRACE

    ID            偏移，並進入狀態 120
    INT           偏移，並進入狀態 3
    FLOAT         偏移，並進入狀態 4
    IF            偏移，並進入狀態 121
    WHILE         偏移，並進入狀態 122
    FOR           偏移，並進入狀態 123
    TYPEDEF       偏移，並進入狀態 5
    OP_PP         偏移，並進入狀態 47
    OP_MM         偏移，並進入狀態 49
    MK_LBRACE     偏移，並進入狀態 124
    MK_SEMICOLON  偏移，並進入狀態 125
    RETURN        偏移，並進入狀態 126

    $default  使用規則 22 以縮減 (block)

    block          進入狀態 182
    decl_list      進入狀態 128
    decl           進入狀態 11
    type_decl      進入狀態 12
    var_decl       進入狀態 13
    type           進入狀態 129
    stmt_list      進入狀態 130
    stmt           進入狀態 131
    double_add_id  進入狀態 132
    var_ref        進入狀態 133


狀態 135

   11 param_list: param_list MK_COMMA param .

    $default  使用規則 11 以縮減 (param_list)


狀態 136

   15 dim_fn: MK_LB . expr_null MK_RB

    ID         偏移，並進入狀態 43
    CONST      偏移，並進入狀態 44
    OP_NOT     偏移，並進入狀態 45
    OP_PLUS    偏移，並進入狀態 46
    OP_PP      偏移，並進入狀態 47
    OP_MINUS   偏移，並進入狀態 48
    OP_MM      偏移，並進入狀態 49
    MK_LPAREN  偏移，並進入狀態 50

    $default  使用規則 18 以縮減 (expr_null)

    expr_null      進入狀態 183
    expr           進入狀態 184
    term           進入狀態 55
    factor         進入狀態 56
    double_add_id  進入狀態 57
    unary_op       進入狀態 58
    var_ref        進入狀態 59


狀態 137

   14 param: type ID dim_fn .
   16 dim_fn: dim_fn . MK_LB expr MK_RB

    MK_LB  偏移，並進入狀態 185

    $default  使用規則 14 以縮減 (param)


狀態 138

   35 id_list: id_list MK_COMMA ID dim_decl .
   38 dim_decl: dim_decl . MK_LB crelop_expr MK_RB

    MK_LB  偏移，並進入狀態 71

    $default  使用規則 35 以縮減 (id_list)


狀態 139

   83 relop_expr: relop_expr . OP_OR relop_term
  129 dim_list: MK_LB relop_expr . MK_RB

    OP_OR  偏移，並進入狀態 87
    MK_RB  偏移，並進入狀態 186


狀態 140

   83 relop_expr: relop_expr . OP_OR relop_term
   97 nonempty_relop_expr_list: relop_expr .

    OP_OR  偏移，並進入狀態 87

    $default  使用規則 97 以縮減 (nonempty_relop_expr_list)


狀態 141

  110 factor: ID MK_LPAREN relop_expr_list . MK_RPAREN

    MK_RPAREN  偏移，並進入狀態 187


狀態 142

   94 relop_expr_list: nonempty_relop_expr_list .
   96 nonempty_relop_expr_list: nonempty_relop_expr_list . MK_COMMA relop_expr

    MK_COMMA  偏移，並進入狀態 188

    $default  使用規則 94 以縮減 (relop_expr_list)


狀態 143

  120 double_add_id: ID dim_list OP_PP .

    $default  使用規則 120 以縮減 (double_add_id)


狀態 144

  122 double_add_id: ID dim_list OP_MM .

    $default  使用規則 122 以縮減 (double_add_id)


狀態 145

  128 dim_list: dim_list MK_LB . relop_expr MK_RB

    ID         偏移，並進入狀態 43
    CONST      偏移，並進入狀態 44
    OP_NOT     偏移，並進入狀態 45
    OP_PLUS    偏移，並進入狀態 46
    OP_PP      偏移，並進入狀態 47
    OP_MINUS   偏移，並進入狀態 48
    OP_MM      偏移，並進入狀態 49
    MK_LPAREN  偏移，並進入狀態 50

    relop_expr     進入狀態 189
    relop_term     進入狀態 52
    relop_factor   進入狀態 53
    expr           進入狀態 54
    term           進入狀態 55
    factor         進入狀態 56
    double_add_id  進入狀態 57
    unary_op       進入狀態 58
    var_ref        進入狀態 59


狀態 146

  119 double_add_id: OP_PP ID dim_list .
  128 dim_list: dim_list . MK_LB relop_expr MK_RB

    MK_LB  偏移，並進入狀態 145

    $default  使用規則 119 以縮減 (double_add_id)


狀態 147

  121 double_add_id: OP_MM ID dim_list .
  128 dim_list: dim_list . MK_LB relop_expr MK_RB

    MK_LB  偏移，並進入狀態 145

    $default  使用規則 121 以縮減 (double_add_id)


狀態 148

  106 factor: MK_LPAREN relop_expr MK_RPAREN .

    $default  使用規則 106 以縮減 (factor)


狀態 149

   83 relop_expr: relop_expr OP_OR relop_term .
   85 relop_term: relop_term . OP_AND relop_factor

    OP_AND  偏移，並進入狀態 88

    $default  使用規則 83 以縮減 (relop_expr)


狀態 150

   85 relop_term: relop_term OP_AND relop_factor .

    $default  使用規則 85 以縮減 (relop_term)


狀態 151

   87 relop_factor: expr rel_op expr .
   98 expr: expr . add_op term

    OP_PLUS   偏移，並進入狀態 95
    OP_MINUS  偏移，並進入狀態 96

    $default  使用規則 87 以縮減 (relop_factor)

    add_op  進入狀態 98


狀態 152

   98 expr: expr add_op term .
  102 term: term . mul_op factor

    OP_TIMES   偏移，並進入狀態 99
    OP_DIVIDE  偏移，並進入狀態 100

    $default  使用規則 98 以縮減 (expr)

    mul_op  進入狀態 101


狀態 153

  102 term: term mul_op factor .

    $default  使用規則 102 以縮減 (term)


狀態 154

  111 factor: unary_op ID MK_LPAREN . relop_expr_list MK_RPAREN

    ID         偏移，並進入狀態 43
    CONST      偏移，並進入狀態 44
    OP_NOT     偏移，並進入狀態 45
    OP_PLUS    偏移，並進入狀態 46
    OP_PP      偏移，並進入狀態 47
    OP_MINUS   偏移，並進入狀態 48
    OP_MM      偏移，並進入狀態 49
    MK_LPAREN  偏移，並進入狀態 50

    $default  使用規則 95 以縮減 (relop_expr_list)

    relop_expr                進入狀態 140
    relop_term                進入狀態 52
    relop_factor              進入狀態 53
    relop_expr_list           進入狀態 190
    nonempty_relop_expr_list  進入狀態 142
    expr                      進入狀態 54
    term                      進入狀態 55
    factor                    進入狀態 56
    double_add_id             進入狀態 57
    unary_op                  進入狀態 58
    var_ref                   進入狀態 59


狀態 155

  127 var_ref: ID dim_list .
  128 dim_list: dim_list . MK_LB relop_expr MK_RB

    MK_LB  偏移，並進入狀態 145

    $default  使用規則 127 以縮減 (var_ref)


狀態 156

   83 relop_expr: relop_expr . OP_OR relop_term
  107 factor: unary_op MK_LPAREN relop_expr . MK_RPAREN

    OP_OR      偏移，並進入狀態 87
    MK_RPAREN  偏移，並進入狀態 191


狀態 157

   53 cfactor: MK_LPAREN cexpr MK_RPAREN .

    $default  使用規則 53 以縮減 (cfactor)


狀態 158

   40 crelop_expr: crelop_expr OP_OR crelop_term .
   42 crelop_term: crelop_term . OP_AND crelop_factor

    OP_AND  偏移，並進入狀態 109

    $default  使用規則 40 以縮減 (crelop_expr)


狀態 159

   42 crelop_term: crelop_term OP_AND crelop_factor .

    $default  使用規則 42 以縮減 (crelop_term)


狀態 160

   45 cexpr: cexpr OP_PLUS mcexpr .
   48 mcexpr: mcexpr . OP_TIMES cfactor
   49       | mcexpr . OP_DIVIDE cfactor

    OP_TIMES   偏移，並進入狀態 113
    OP_DIVIDE  偏移，並進入狀態 114

    $default  使用規則 45 以縮減 (cexpr)


狀態 161

   46 cexpr: cexpr OP_MINUS mcexpr .
   48 mcexpr: mcexpr . OP_TIMES cfactor
   49       | mcexpr . OP_DIVIDE cfactor

    OP_TIMES   偏移，並進入狀態 113
    OP_DIVIDE  偏移，並進入狀態 114

    $default  使用規則 46 以縮減 (cexpr)


狀態 162

   44 crelop_factor: cexpr rel_op cexpr .
   45 cexpr: cexpr . OP_PLUS mcexpr
   46      | cexpr . OP_MINUS mcexpr

    OP_PLUS   偏移，並進入狀態 110
    OP_MINUS  偏移，並進入狀態 111

    $default  使用規則 44 以縮減 (crelop_factor)


狀態 163

   48 mcexpr: mcexpr OP_TIMES cfactor .

    $default  使用規則 48 以縮減 (mcexpr)


狀態 164

   49 mcexpr: mcexpr OP_DIVIDE cfactor .

    $default  使用規則 49 以縮減 (mcexpr)


狀態 165

   45 cexpr: cexpr . OP_PLUS mcexpr
   46      | cexpr . OP_MINUS mcexpr
   54 cfactor: unary_op MK_LPAREN cexpr . MK_RPAREN

    OP_PLUS    偏移，並進入狀態 110
    OP_MINUS   偏移，並進入狀態 111
    MK_RPAREN  偏移，並進入狀態 192


狀態 166

    9 function_decl: type ID MK_LPAREN MK_RPAREN MK_LBRACE block . MK_RBRACE

    MK_RBRACE  偏移，並進入狀態 193


狀態 167

    7 function_decl: type ID MK_LPAREN param_list MK_RPAREN MK_LBRACE . block MK_RBRACE

    ID            偏移，並進入狀態 120
    INT           偏移，並進入狀態 3
    FLOAT         偏移，並進入狀態 4
    IF            偏移，並進入狀態 121
    WHILE         偏移，並進入狀態 122
    FOR           偏移，並進入狀態 123
    TYPEDEF       偏移，並進入狀態 5
    OP_PP         偏移，並進入狀態 47
    OP_MM         偏移，並進入狀態 49
    MK_LBRACE     偏移，並進入狀態 124
    MK_SEMICOLON  偏移，並進入狀態 125
    RETURN        偏移，並進入狀態 126

    $default  使用規則 22 以縮減 (block)

    block          進入狀態 194
    decl_list      進入狀態 128
    decl           進入狀態 11
    type_decl      進入狀態 12
    var_decl       進入狀態 13
    type           進入狀態 129
    stmt_list      進入狀態 130
    stmt           進入狀態 131
    double_add_id  進入狀態 132
    var_ref        進入狀態 133


狀態 168

   38 dim_decl: dim_decl MK_LB crelop_expr MK_RB .

    $default  使用規則 38 以縮減 (dim_decl)


狀態 169

   67 stmt: IF MK_LPAREN . test MK_RPAREN stmt
   68     | IF MK_LPAREN . test MK_RPAREN stmt ELSE stmt

    ID         偏移，並進入狀態 195
    CONST      偏移，並進入狀態 44
    OP_NOT     偏移，並進入狀態 45
    OP_PLUS    偏移，並進入狀態 46
    OP_PP      偏移，並進入狀態 47
    OP_MINUS   偏移，並進入狀態 48
    OP_MM      偏移，並進入狀態 49
    MK_LPAREN  偏移，並進入狀態 196

    test           進入狀態 197
    assign_expr    進入狀態 198
    relop_expr     進入狀態 199
    relop_term     進入狀態 52
    relop_factor   進入狀態 53
    expr           進入狀態 54
    term           進入狀態 55
    factor         進入狀態 56
    double_add_id  進入狀態 57
    unary_op       進入狀態 58
    var_ref        進入狀態 59


狀態 170

   63 stmt: WHILE MK_LPAREN . nonempty_assign_expr_list MK_RPAREN stmt

    ID         偏移，並進入狀態 195
    CONST      偏移，並進入狀態 44
    OP_NOT     偏移，並進入狀態 45
    OP_PLUS    偏移，並進入狀態 46
    OP_PP      偏移，並進入狀態 47
    OP_MINUS   偏移，並進入狀態 48
    OP_MM      偏移，並進入狀態 49
    MK_LPAREN  偏移，並進入狀態 196

    nonempty_assign_expr_list  進入狀態 200
    assign_expr                進入狀態 201
    relop_expr                 進入狀態 199
    relop_term                 進入狀態 52
    relop_factor               進入狀態 53
    expr                       進入狀態 54
    term                       進入狀態 55
    factor                     進入狀態 56
    double_add_id              進入狀態 57
    unary_op                   進入狀態 58
    var_ref                    進入狀態 59


狀態 171

   64 stmt: FOR MK_LPAREN . assign_expr_list MK_SEMICOLON relop_expr_list MK_SEMICOLON assign_expr_list MK_RPAREN stmt
   65     | FOR MK_LPAREN . assign_expr_list MK_SEMICOLON relop_expr_list MK_SEMICOLON assign_expr_list MK_RPAREN stmt

    ID         偏移，並進入狀態 195
    CONST      偏移，並進入狀態 44
    OP_NOT     偏移，並進入狀態 45
    OP_PLUS    偏移，並進入狀態 46
    OP_PP      偏移，並進入狀態 47
    OP_MINUS   偏移，並進入狀態 48
    OP_MM      偏移，並進入狀態 49
    MK_LPAREN  偏移，並進入狀態 196

    $default  使用規則 76 以縮減 (assign_expr_list)

    assign_expr_list           進入狀態 202
    nonempty_assign_expr_list  進入狀態 203
    assign_expr                進入狀態 201
    relop_expr                 進入狀態 199
    relop_term                 進入狀態 52
    relop_factor               進入狀態 53
    expr                       進入狀態 54
    term                       進入狀態 55
    factor                     進入狀態 56
    double_add_id              進入狀態 57
    unary_op                   進入狀態 58
    var_ref                    進入狀態 59


狀態 172

   62 stmt: MK_LBRACE block . MK_RBRACE

    MK_RBRACE  偏移，並進入狀態 204


狀態 173

   71 stmt: RETURN MK_SEMICOLON .

    $default  使用規則 71 以縮減 (stmt)


狀態 174

   72 stmt: RETURN relop_expr . MK_SEMICOLON
   83 relop_expr: relop_expr . OP_OR relop_term

    OP_OR         偏移，並進入狀態 87
    MK_SEMICOLON  偏移，並進入狀態 205


狀態 175

   10 function_decl: VOID ID MK_LPAREN MK_RPAREN MK_LBRACE block MK_RBRACE .

    $default  使用規則 10 以縮減 (function_decl)


狀態 176

   19 block: decl_list stmt_list .
   60 stmt_list: stmt_list . stmt

    ID            偏移，並進入狀態 177
    IF            偏移，並進入狀態 121
    WHILE         偏移，並進入狀態 122
    FOR           偏移，並進入狀態 123
    OP_PP         偏移，並進入狀態 47
    OP_MM         偏移，並進入狀態 49
    MK_LBRACE     偏移，並進入狀態 124
    MK_SEMICOLON  偏移，並進入狀態 125
    RETURN        偏移，並進入狀態 126

    $default  使用規則 19 以縮減 (block)

    stmt           進入狀態 178
    double_add_id  進入狀態 132
    var_ref        進入狀態 133


狀態 177

  116 double_add_id: ID . OP_PP
  118              | ID . OP_MM
  120              | ID . dim_list OP_PP
  122              | ID . dim_list OP_MM
  126 var_ref: ID .
  127        | ID . dim_list

    OP_PP  偏移，並進入狀態 79
    OP_MM  偏移，並進入狀態 80
    MK_LB  偏移，並進入狀態 81

    $default  使用規則 126 以縮減 (var_ref)

    dim_list  進入狀態 83


狀態 178

   60 stmt_list: stmt_list stmt .

    $default  使用規則 60 以縮減 (stmt_list)


狀態 179

   73 stmt: double_add_id MK_SEMICOLON .

    $default  使用規則 73 以縮減 (stmt)


狀態 180

   66 stmt: var_ref OP_ASSIGN . relop_expr MK_SEMICOLON

    ID         偏移，並進入狀態 43
    CONST      偏移，並進入狀態 44
    OP_NOT     偏移，並進入狀態 45
    OP_PLUS    偏移，並進入狀態 46
    OP_PP      偏移，並進入狀態 47
    OP_MINUS   偏移，並進入狀態 48
    OP_MM      偏移，並進入狀態 49
    MK_LPAREN  偏移，並進入狀態 50

    relop_expr     進入狀態 206
    relop_term     進入狀態 52
    relop_factor   進入狀態 53
    expr           進入狀態 54
    term           進入狀態 55
    factor         進入狀態 56
    double_add_id  進入狀態 57
    unary_op       進入狀態 58
    var_ref        進入狀態 59


狀態 181

   69 stmt: var_ref MK_LPAREN . relop_expr_list MK_RPAREN MK_SEMICOLON

    ID         偏移，並進入狀態 43
    CONST      偏移，並進入狀態 44
    OP_NOT     偏移，並進入狀態 45
    OP_PLUS    偏移，並進入狀態 46
    OP_PP      偏移，並進入狀態 47
    OP_MINUS   偏移，並進入狀態 48
    OP_MM      偏移，並進入狀態 49
    MK_LPAREN  偏移，並進入狀態 50

    $default  使用規則 95 以縮減 (relop_expr_list)

    relop_expr                進入狀態 140
    relop_term                進入狀態 52
    relop_factor              進入狀態 53
    relop_expr_list           進入狀態 207
    nonempty_relop_expr_list  進入狀態 142
    expr                      進入狀態 54
    term                      進入狀態 55
    factor                    進入狀態 56
    double_add_id             進入狀態 57
    unary_op                  進入狀態 58
    var_ref                   進入狀態 59


狀態 182

    8 function_decl: VOID ID MK_LPAREN param_list MK_RPAREN MK_LBRACE block . MK_RBRACE

    MK_RBRACE  偏移，並進入狀態 208


狀態 183

   15 dim_fn: MK_LB expr_null . MK_RB

    MK_RB  偏移，並進入狀態 209


狀態 184

   17 expr_null: expr .
   98 expr: expr . add_op term

    OP_PLUS   偏移，並進入狀態 95
    OP_MINUS  偏移，並進入狀態 96

    $default  使用規則 17 以縮減 (expr_null)

    add_op  進入狀態 98


狀態 185

   16 dim_fn: dim_fn MK_LB . expr MK_RB

    ID         偏移，並進入狀態 43
    CONST      偏移，並進入狀態 44
    OP_NOT     偏移，並進入狀態 45
    OP_PLUS    偏移，並進入狀態 46
    OP_PP      偏移，並進入狀態 47
    OP_MINUS   偏移，並進入狀態 48
    OP_MM      偏移，並進入狀態 49
    MK_LPAREN  偏移，並進入狀態 50

    expr           進入狀態 210
    term           進入狀態 55
    factor         進入狀態 56
    double_add_id  進入狀態 57
    unary_op       進入狀態 58
    var_ref        進入狀態 59


狀態 186

  129 dim_list: MK_LB relop_expr MK_RB .

    $default  使用規則 129 以縮減 (dim_list)


狀態 187

  110 factor: ID MK_LPAREN relop_expr_list MK_RPAREN .

    $default  使用規則 110 以縮減 (factor)


狀態 188

   96 nonempty_relop_expr_list: nonempty_relop_expr_list MK_COMMA . relop_expr

    ID         偏移，並進入狀態 43
    CONST      偏移，並進入狀態 44
    OP_NOT     偏移，並進入狀態 45
    OP_PLUS    偏移，並進入狀態 46
    OP_PP      偏移，並進入狀態 47
    OP_MINUS   偏移，並進入狀態 48
    OP_MM      偏移，並進入狀態 49
    MK_LPAREN  偏移，並進入狀態 50

    relop_expr     進入狀態 211
    relop_term     進入狀態 52
    relop_factor   進入狀態 53
    expr           進入狀態 54
    term           進入狀態 55
    factor         進入狀態 56
    double_add_id  進入狀態 57
    unary_op       進入狀態 58
    var_ref        進入狀態 59


狀態 189

   83 relop_expr: relop_expr . OP_OR relop_term
  128 dim_list: dim_list MK_LB relop_expr . MK_RB

    OP_OR  偏移，並進入狀態 87
    MK_RB  偏移，並進入狀態 212


狀態 190

  111 factor: unary_op ID MK_LPAREN relop_expr_list . MK_RPAREN

    MK_RPAREN  偏移，並進入狀態 213


狀態 191

  107 factor: unary_op MK_LPAREN relop_expr MK_RPAREN .

    $default  使用規則 107 以縮減 (factor)


狀態 192

   54 cfactor: unary_op MK_LPAREN cexpr MK_RPAREN .

    $default  使用規則 54 以縮減 (cfactor)


狀態 193

    9 function_decl: type ID MK_LPAREN MK_RPAREN MK_LBRACE block MK_RBRACE .

    $default  使用規則 9 以縮減 (function_decl)


狀態 194

    7 function_decl: type ID MK_LPAREN param_list MK_RPAREN MK_LBRACE block . MK_RBRACE

    MK_RBRACE  偏移，並進入狀態 214


狀態 195

   79 assign_expr: ID . OP_ASSIGN relop_expr
  110 factor: ID . MK_LPAREN relop_expr_list MK_RPAREN
  116 double_add_id: ID . OP_PP
  118              | ID . OP_MM
  120              | ID . dim_list OP_PP
  122              | ID . dim_list OP_MM
  126 var_ref: ID .
  127        | ID . dim_list

    OP_ASSIGN  偏移，並進入狀態 215
    OP_PP      偏移，並進入狀態 79
    OP_MM      偏移，並進入狀態 80
    MK_LB      偏移，並進入狀態 81
    MK_LPAREN  偏移，並進入狀態 82

    $default  使用規則 126 以縮減 (var_ref)

    dim_list  進入狀態 83


狀態 196

   81 assign_expr: MK_LPAREN . nonempty_assign_expr_list MK_RPAREN
  106 factor: MK_LPAREN . relop_expr MK_RPAREN

    ID         偏移，並進入狀態 195
    CONST      偏移，並進入狀態 44
    OP_NOT     偏移，並進入狀態 45
    OP_PLUS    偏移，並進入狀態 46
    OP_PP      偏移，並進入狀態 47
    OP_MINUS   偏移，並進入狀態 48
    OP_MM      偏移，並進入狀態 49
    MK_LPAREN  偏移，並進入狀態 196

    nonempty_assign_expr_list  進入狀態 216
    assign_expr                進入狀態 201
    relop_expr                 進入狀態 217
    relop_term                 進入狀態 52
    relop_factor               進入狀態 53
    expr                       進入狀態 54
    term                       進入狀態 55
    factor                     進入狀態 56
    double_add_id              進入狀態 57
    unary_op                   進入狀態 58
    var_ref                    進入狀態 59


狀態 197

   67 stmt: IF MK_LPAREN test . MK_RPAREN stmt
   68     | IF MK_LPAREN test . MK_RPAREN stmt ELSE stmt

    MK_RPAREN  偏移，並進入狀態 218


狀態 198

   74 test: assign_expr .

    $default  使用規則 74 以縮減 (test)


狀態 199

   80 assign_expr: relop_expr .
   83 relop_expr: relop_expr . OP_OR relop_term

    OP_OR  偏移，並進入狀態 87

    $default  使用規則 80 以縮減 (assign_expr)


狀態 200

   63 stmt: WHILE MK_LPAREN nonempty_assign_expr_list . MK_RPAREN stmt
   77 nonempty_assign_expr_list: nonempty_assign_expr_list . MK_COMMA assign_expr

    MK_RPAREN  偏移，並進入狀態 219
    MK_COMMA   偏移，並進入狀態 220


狀態 201

   78 nonempty_assign_expr_list: assign_expr .

    $default  使用規則 78 以縮減 (nonempty_assign_expr_list)


狀態 202

   64 stmt: FOR MK_LPAREN assign_expr_list . MK_SEMICOLON relop_expr_list MK_SEMICOLON assign_expr_list MK_RPAREN stmt
   65     | FOR MK_LPAREN assign_expr_list . MK_SEMICOLON relop_expr_list MK_SEMICOLON assign_expr_list MK_RPAREN stmt

    MK_SEMICOLON  偏移，並進入狀態 221


狀態 203

   75 assign_expr_list: nonempty_assign_expr_list .
   77 nonempty_assign_expr_list: nonempty_assign_expr_list . MK_COMMA assign_expr

    MK_COMMA  偏移，並進入狀態 220

    $default  使用規則 75 以縮減 (assign_expr_list)


狀態 204

   62 stmt: MK_LBRACE block MK_RBRACE .

    $default  使用規則 62 以縮減 (stmt)


狀態 205

   72 stmt: RETURN relop_expr MK_SEMICOLON .

    $default  使用規則 72 以縮減 (stmt)


狀態 206

   66 stmt: var_ref OP_ASSIGN relop_expr . MK_SEMICOLON
   83 relop_expr: relop_expr . OP_OR relop_term

    OP_OR         偏移，並進入狀態 87
    MK_SEMICOLON  偏移，並進入狀態 222


狀態 207

   69 stmt: var_ref MK_LPAREN relop_expr_list . MK_RPAREN MK_SEMICOLON

    MK_RPAREN  偏移，並進入狀態 223


狀態 208

    8 function_decl: VOID ID MK_LPAREN param_list MK_RPAREN MK_LBRACE block MK_RBRACE .

    $default  使用規則 8 以縮減 (function_decl)


狀態 209

   15 dim_fn: MK_LB expr_null MK_RB .

    $default  使用規則 15 以縮減 (dim_fn)


狀態 210

   16 dim_fn: dim_fn MK_LB expr . MK_RB
   98 expr: expr . add_op term

    OP_PLUS   偏移，並進入狀態 95
    OP_MINUS  偏移，並進入狀態 96
    MK_RB     偏移，並進入狀態 224

    add_op  進入狀態 98


狀態 211

   83 relop_expr: relop_expr . OP_OR relop_term
   96 nonempty_relop_expr_list: nonempty_relop_expr_list MK_COMMA relop_expr .

    OP_OR  偏移，並進入狀態 87

    $default  使用規則 96 以縮減 (nonempty_relop_expr_list)


狀態 212

  128 dim_list: dim_list MK_LB relop_expr MK_RB .

    $default  使用規則 128 以縮減 (dim_list)


狀態 213

  111 factor: unary_op ID MK_LPAREN relop_expr_list MK_RPAREN .

    $default  使用規則 111 以縮減 (factor)


狀態 214

    7 function_decl: type ID MK_LPAREN param_list MK_RPAREN MK_LBRACE block MK_RBRACE .

    $default  使用規則 7 以縮減 (function_decl)


狀態 215

   79 assign_expr: ID OP_ASSIGN . relop_expr

    ID         偏移，並進入狀態 43
    CONST      偏移，並進入狀態 44
    OP_NOT     偏移，並進入狀態 45
    OP_PLUS    偏移，並進入狀態 46
    OP_PP      偏移，並進入狀態 47
    OP_MINUS   偏移，並進入狀態 48
    OP_MM      偏移，並進入狀態 49
    MK_LPAREN  偏移，並進入狀態 50

    relop_expr     進入狀態 225
    relop_term     進入狀態 52
    relop_factor   進入狀態 53
    expr           進入狀態 54
    term           進入狀態 55
    factor         進入狀態 56
    double_add_id  進入狀態 57
    unary_op       進入狀態 58
    var_ref        進入狀態 59


狀態 216

   77 nonempty_assign_expr_list: nonempty_assign_expr_list . MK_COMMA assign_expr
   81 assign_expr: MK_LPAREN nonempty_assign_expr_list . MK_RPAREN

    MK_RPAREN  偏移，並進入狀態 226
    MK_COMMA   偏移，並進入狀態 220


狀態 217

   80 assign_expr: relop_expr .
   83 relop_expr: relop_expr . OP_OR relop_term
  106 factor: MK_LPAREN relop_expr . MK_RPAREN

    OP_OR      偏移，並進入狀態 87
    MK_RPAREN  偏移，並進入狀態 148

    MK_RPAREN  [使用規則 80 以縮減 (assign_expr)]
    $default   使用規則 80 以縮減 (assign_expr)


狀態 218

   67 stmt: IF MK_LPAREN test MK_RPAREN . stmt
   68     | IF MK_LPAREN test MK_RPAREN . stmt ELSE stmt

    ID            偏移，並進入狀態 177
    IF            偏移，並進入狀態 121
    WHILE         偏移，並進入狀態 122
    FOR           偏移，並進入狀態 123
    OP_PP         偏移，並進入狀態 47
    OP_MM         偏移，並進入狀態 49
    MK_LBRACE     偏移，並進入狀態 124
    MK_SEMICOLON  偏移，並進入狀態 125
    RETURN        偏移，並進入狀態 126

    stmt           進入狀態 227
    double_add_id  進入狀態 132
    var_ref        進入狀態 133


狀態 219

   63 stmt: WHILE MK_LPAREN nonempty_assign_expr_list MK_RPAREN . stmt

    ID            偏移，並進入狀態 177
    IF            偏移，並進入狀態 121
    WHILE         偏移，並進入狀態 122
    FOR           偏移，並進入狀態 123
    OP_PP         偏移，並進入狀態 47
    OP_MM         偏移，並進入狀態 49
    MK_LBRACE     偏移，並進入狀態 124
    MK_SEMICOLON  偏移，並進入狀態 125
    RETURN        偏移，並進入狀態 126

    stmt           進入狀態 228
    double_add_id  進入狀態 132
    var_ref        進入狀態 133


狀態 220

   77 nonempty_assign_expr_list: nonempty_assign_expr_list MK_COMMA . assign_expr

    ID         偏移，並進入狀態 195
    CONST      偏移，並進入狀態 44
    OP_NOT     偏移，並進入狀態 45
    OP_PLUS    偏移，並進入狀態 46
    OP_PP      偏移，並進入狀態 47
    OP_MINUS   偏移，並進入狀態 48
    OP_MM      偏移，並進入狀態 49
    MK_LPAREN  偏移，並進入狀態 196

    assign_expr    進入狀態 229
    relop_expr     進入狀態 199
    relop_term     進入狀態 52
    relop_factor   進入狀態 53
    expr           進入狀態 54
    term           進入狀態 55
    factor         進入狀態 56
    double_add_id  進入狀態 57
    unary_op       進入狀態 58
    var_ref        進入狀態 59


狀態 221

   64 stmt: FOR MK_LPAREN assign_expr_list MK_SEMICOLON . relop_expr_list MK_SEMICOLON assign_expr_list MK_RPAREN stmt
   65     | FOR MK_LPAREN assign_expr_list MK_SEMICOLON . relop_expr_list MK_SEMICOLON assign_expr_list MK_RPAREN stmt

    ID         偏移，並進入狀態 43
    CONST      偏移，並進入狀態 44
    OP_NOT     偏移，並進入狀態 45
    OP_PLUS    偏移，並進入狀態 46
    OP_PP      偏移，並進入狀態 47
    OP_MINUS   偏移，並進入狀態 48
    OP_MM      偏移，並進入狀態 49
    MK_LPAREN  偏移，並進入狀態 50

    $default  使用規則 95 以縮減 (relop_expr_list)

    relop_expr                進入狀態 140
    relop_term                進入狀態 52
    relop_factor              進入狀態 53
    relop_expr_list           進入狀態 230
    nonempty_relop_expr_list  進入狀態 142
    expr                      進入狀態 54
    term                      進入狀態 55
    factor                    進入狀態 56
    double_add_id             進入狀態 57
    unary_op                  進入狀態 58
    var_ref                   進入狀態 59


狀態 222

   66 stmt: var_ref OP_ASSIGN relop_expr MK_SEMICOLON .

    $default  使用規則 66 以縮減 (stmt)


狀態 223

   69 stmt: var_ref MK_LPAREN relop_expr_list MK_RPAREN . MK_SEMICOLON

    MK_SEMICOLON  偏移，並進入狀態 231


狀態 224

   16 dim_fn: dim_fn MK_LB expr MK_RB .

    $default  使用規則 16 以縮減 (dim_fn)


狀態 225

   79 assign_expr: ID OP_ASSIGN relop_expr .
   83 relop_expr: relop_expr . OP_OR relop_term

    OP_OR  偏移，並進入狀態 87

    $default  使用規則 79 以縮減 (assign_expr)


狀態 226

   81 assign_expr: MK_LPAREN nonempty_assign_expr_list MK_RPAREN .

    $default  使用規則 81 以縮減 (assign_expr)


狀態 227

   67 stmt: IF MK_LPAREN test MK_RPAREN stmt .
   68     | IF MK_LPAREN test MK_RPAREN stmt . ELSE stmt

    ELSE  偏移，並進入狀態 232

    ELSE      [使用規則 67 以縮減 (stmt)]
    $default  使用規則 67 以縮減 (stmt)


狀態 228

   63 stmt: WHILE MK_LPAREN nonempty_assign_expr_list MK_RPAREN stmt .

    $default  使用規則 63 以縮減 (stmt)


狀態 229

   77 nonempty_assign_expr_list: nonempty_assign_expr_list MK_COMMA assign_expr .

    $default  使用規則 77 以縮減 (nonempty_assign_expr_list)


狀態 230

   64 stmt: FOR MK_LPAREN assign_expr_list MK_SEMICOLON relop_expr_list . MK_SEMICOLON assign_expr_list MK_RPAREN stmt
   65     | FOR MK_LPAREN assign_expr_list MK_SEMICOLON relop_expr_list . MK_SEMICOLON assign_expr_list MK_RPAREN stmt

    MK_SEMICOLON  偏移，並進入狀態 233


狀態 231

   69 stmt: var_ref MK_LPAREN relop_expr_list MK_RPAREN MK_SEMICOLON .

    $default  使用規則 69 以縮減 (stmt)


狀態 232

   68 stmt: IF MK_LPAREN test MK_RPAREN stmt ELSE . stmt

    ID            偏移，並進入狀態 177
    IF            偏移，並進入狀態 121
    WHILE         偏移，並進入狀態 122
    FOR           偏移，並進入狀態 123
    OP_PP         偏移，並進入狀態 47
    OP_MM         偏移，並進入狀態 49
    MK_LBRACE     偏移，並進入狀態 124
    MK_SEMICOLON  偏移，並進入狀態 125
    RETURN        偏移，並進入狀態 126

    stmt           進入狀態 234
    double_add_id  進入狀態 132
    var_ref        進入狀態 133


狀態 233

   64 stmt: FOR MK_LPAREN assign_expr_list MK_SEMICOLON relop_expr_list MK_SEMICOLON . assign_expr_list MK_RPAREN stmt
   65     | FOR MK_LPAREN assign_expr_list MK_SEMICOLON relop_expr_list MK_SEMICOLON . assign_expr_list MK_RPAREN stmt

    ID         偏移，並進入狀態 195
    CONST      偏移，並進入狀態 44
    OP_NOT     偏移，並進入狀態 45
    OP_PLUS    偏移，並進入狀態 46
    OP_PP      偏移，並進入狀態 47
    OP_MINUS   偏移，並進入狀態 48
    OP_MM      偏移，並進入狀態 49
    MK_LPAREN  偏移，並進入狀態 196

    $default  使用規則 76 以縮減 (assign_expr_list)

    assign_expr_list           進入狀態 235
    nonempty_assign_expr_list  進入狀態 203
    assign_expr                進入狀態 201
    relop_expr                 進入狀態 199
    relop_term                 進入狀態 52
    relop_factor               進入狀態 53
    expr                       進入狀態 54
    term                       進入狀態 55
    factor                     進入狀態 56
    double_add_id              進入狀態 57
    unary_op                   進入狀態 58
    var_ref                    進入狀態 59


狀態 234

   68 stmt: IF MK_LPAREN test MK_RPAREN stmt ELSE stmt .

    $default  使用規則 68 以縮減 (stmt)


狀態 235

   64 stmt: FOR MK_LPAREN assign_expr_list MK_SEMICOLON relop_expr_list MK_SEMICOLON assign_expr_list . MK_RPAREN stmt
   65     | FOR MK_LPAREN assign_expr_list MK_SEMICOLON relop_expr_list MK_SEMICOLON assign_expr_list . MK_RPAREN stmt

    MK_RPAREN  偏移，並進入狀態 236


狀態 236

   64 stmt: FOR MK_LPAREN assign_expr_list MK_SEMICOLON relop_expr_list MK_SEMICOLON assign_expr_list MK_RPAREN . stmt
   65     | FOR MK_LPAREN assign_expr_list MK_SEMICOLON relop_expr_list MK_SEMICOLON assign_expr_list MK_RPAREN . stmt

    ID            偏移，並進入狀態 177
    IF            偏移，並進入狀態 121
    WHILE         偏移，並進入狀態 122
    FOR           偏移，並進入狀態 123
    OP_PP         偏移，並進入狀態 47
    OP_MM         偏移，並進入狀態 49
    MK_LBRACE     偏移，並進入狀態 124
    MK_SEMICOLON  偏移，並進入狀態 125
    RETURN        偏移，並進入狀態 126

    stmt           進入狀態 237
    double_add_id  進入狀態 132
    var_ref        進入狀態 133


狀態 237

   64 stmt: FOR MK_LPAREN assign_expr_list MK_SEMICOLON relop_expr_list MK_SEMICOLON assign_expr_list MK_RPAREN stmt .
   65     | FOR MK_LPAREN assign_expr_list MK_SEMICOLON relop_expr_list MK_SEMICOLON assign_expr_list MK_RPAREN stmt .

    ID            使用規則 64 以縮減 (stmt)
    ID            [使用規則 65 以縮減 (stmt)]
    IF            使用規則 64 以縮減 (stmt)
    IF            [使用規則 65 以縮減 (stmt)]
    ELSE          使用規則 64 以縮減 (stmt)
    ELSE          [使用規則 65 以縮減 (stmt)]
    WHILE         使用規則 64 以縮減 (stmt)
    WHILE         [使用規則 65 以縮減 (stmt)]
    FOR           使用規則 64 以縮減 (stmt)
    FOR           [使用規則 65 以縮減 (stmt)]
    OP_PP         使用規則 64 以縮減 (stmt)
    OP_PP         [使用規則 65 以縮減 (stmt)]
    OP_MM         使用規則 64 以縮減 (stmt)
    OP_MM         [使用規則 65 以縮減 (stmt)]
    MK_LBRACE     使用規則 64 以縮減 (stmt)
    MK_LBRACE     [使用規則 65 以縮減 (stmt)]
    MK_RBRACE     使用規則 64 以縮減 (stmt)
    MK_RBRACE     [使用規則 65 以縮減 (stmt)]
    MK_SEMICOLON  使用規則 64 以縮減 (stmt)
    MK_SEMICOLON  [使用規則 65 以縮減 (stmt)]
    RETURN        使用規則 64 以縮減 (stmt)
    RETURN        [使用規則 65 以縮減 (stmt)]
    $default      使用規則 64 以縮減 (stmt)
